199 56
0 2
0 3
0 6
0 7
0 8
0 9
0 12
0 13
0 15
0 16
0 17
0 18
0 21
0 23
0 26
0 28
0 31
0 32
0 33
0 35
0 36
0 40
0 42
0 44
0 45
0 49
0 51
0 52
0 55
1 1
1 2
1 3
1 4
1 5
1 6
1 9
1 10
1 11
1 12
1 13
1 14
1 15
1 16
1 18
1 21
1 22
1 24
1 25
1 26
1 29
1 30
1 36
1 37
1 39
1 44
1 45
1 46
1 47
1 50
1 55
2 2
2 4
2 11
2 12
2 20
2 21
2 22
2 23
2 24
2 26
2 27
2 28
2 31
2 33
2 34
2 35
2 36
2 37
2 38
2 39
2 41
2 43
2 46
2 49
2 53
2 54
3 1
3 2
3 3
3 4
3 7
3 8
3 9
3 11
3 16
3 17
3 19
3 20
3 21
3 24
3 27
3 29
3 30
3 33
3 34
3 35
3 36
3 37
3 41
3 42
3 44
3 46
3 48
3 49
3 55
4 2
4 8
4 9
4 14
4 16
4 18
4 22
4 23
4 24
4 25
4 27
4 28
4 30
4 31
4 32
4 35
4 38
4 41
4 45
4 46
4 47
4 53
4 55
5 3
5 5
5 7
5 8
5 12
5 15
5 16
5 18
5 19
5 22
5 25
5 30
5 34
5 35
5 36
5 37
5 39
5 41
5 42
5 43
5 44
5 45
5 48
5 49
5 51
5 53
5 54
6 2
6 7
6 9
6 14
6 16
6 18
6 20
6 21
6 22
6 24
6 25
6 27
6 29
6 30
6 32
6 36
6 38
6 39
6 40
6 41
6 42
6 43
6 44
6 47
6 49
6 50
6 51
6 52
7 0
7 2
7 3
7 4
7 6
7 7
7 8
7 9
7 10
7 12
7 14
7 16
7 17
7 20
7 22
7 24
7 25
7 26
7 28
7 29
7 31
7 32
7 33
7 35
7 39
7 40
7 41
7 42
7 43
7 44
7 46
7 48
7 49
7 51
7 52
7 54
7 55
8 0
8 2
8 6
8 7
8 8
8 11
8 15
8 16
8 17
8 23
8 24
8 25
8 27
8 28
8 29
8 33
8 36
8 38
8 39
8 45
8 46
8 53
8 55
9 3
9 6
9 9
9 11
9 12
9 13
9 15
9 16
9 17
9 18
9 21
9 24
9 26
9 27
9 28
9 29
9 31
9 32
9 33
9 35
9 36
9 37
9 38
9 39
9 40
9 41
9 42
9 44
9 45
9 49
9 54
9 55
10 0
10 4
10 5
10 11
10 13
10 14
10 15
10 16
10 18
10 20
10 21
10 24
10 25
10 27
10 28
10 29
10 30
10 32
10 33
10 34
10 37
10 38
10 40
10 41
10 43
10 45
10 47
10 48
10 50
10 52
11 0
11 1
11 5
11 6
11 11
11 12
11 13
11 14
11 17
11 19
11 23
11 31
11 32
11 34
11 36
11 42
11 43
11 50
11 55
12 2
12 5
12 6
12 11
12 12
12 14
12 15
12 18
12 20
12 21
12 22
12 23
12 24
12 26
12 27
12 29
12 32
12 33
12 36
12 37
12 39
12 43
12 49
12 50
12 51
12 55
13 2
13 3
13 4
13 5
13 6
13 7
13 8
13 10
13 12
13 13
13 14
13 15
13 16
13 17
13 19
13 20
13 21
13 22
13 26
13 27
13 31
13 33
13 35
13 36
13 37
13 40
13 41
13 43
13 45
13 47
13 49
14 1
14 2
14 3
14 4
14 7
14 8
14 10
14 12
14 13
14 15
14 16
14 19
14 20
14 22
14 24
14 25
14 27
14 28
14 32
14 33
14 34
14 35
14 36
14 37
14 39
14 40
14 41
14 42
14 44
14 46
14 49
14 50
14 55
15 2
15 3
15 5
15 6
15 7
15 12
15 13
15 14
15 18
15 19
15 22
15 23
15 25
15 26
15 28
15 29
15 30
15 31
15 32
15 34
15 35
15 36
15 40
15 41
15 45
15 46
15 48
15 53
15 54
16 4
16 6
16 10
16 12
16 13
16 20
16 21
16 22
16 24
16 25
16 29
16 31
16 32
16 33
16 34
16 36
16 39
16 40
16 41
16 42
16 44
16 45
16 47
16 48
16 53
16 54
16 55
17 1
17 2
17 4
17 6
17 8
17 10
17 12
17 13
17 14
17 16
17 17
17 22
17 25
17 29
17 32
17 33
17 34
17 36
17 40
17 41
17 44
17 48
17 51
17 53
17 54
18 0
18 2
18 3
18 4
18 5
18 9
18 12
18 13
18 17
18 19
18 20
18 22
18 25
18 26
18 28
18 29
18 30
18 32
18 34
18 36
18 37
18 38
18 39
18 41
18 42
18 47
18 48
18 49
18 52
19 0
19 1
19 5
19 7
19 8
19 12
19 13
19 17
19 19
19 20
19 24
19 27
19 30
19 33
19 36
19 37
19 40
19 42
19 44
19 45
19 47
19 52
20 0
20 1
20 2
20 3
20 4
20 6
20 7
20 11
20 12
20 14
20 19
20 20
20 21
20 24
20 25
20 28
20 30
20 32
20 35
20 36
20 37
20 39
20 40
20 45
20 49
20 50
20 51
20 54
20 55
21 0
21 1
21 5
21 6
21 7
21 8
21 9
21 13
21 14
21 16
21 17
21 20
21 21
21 23
21 30
21 31
21 32
21 33
21 34
21 35
21 38
21 40
21 41
21 48
21 52
21 54
21 55
22 2
22 5
22 6
22 7
22 9
22 10
22 11
22 12
22 14
22 15
22 16
22 17
22 18
22 20
22 21
22 23
22 24
22 26
22 27
22 29
22 31
22 32
22 34
22 35
22 36
22 37
22 39
22 41
22 43
22 44
22 45
22 47
22 48
22 49
22 50
22 53
22 54
23 0
23 1
23 2
23 3
23 5
23 7
23 8
23 12
23 15
23 19
23 21
23 23
23 25
23 26
23 27
23 29
23 30
23 31
23 34
23 36
23 37
23 38
23 39
23 40
23 41
23 42
23 44
23 45
23 46
23 47
23 50
23 52
23 53
23 54
23 55
24 0
24 3
24 4
24 5
24 6
24 7
24 8
24 10
24 11
24 12
24 15
24 16
24 17
24 18
24 19
24 20
24 21
24 23
24 24
24 25
24 26
24 28
24 30
24 34
24 36
24 38
24 39
24 41
24 44
24 46
24 47
24 48
24 52
24 54
25 3
25 6
25 7
25 10
25 11
25 12
25 15
25 16
25 18
25 19
25 24
25 30
25 33
25 34
25 35
25 36
25 39
25 40
25 41
25 42
25 44
25 45
25 46
25 47
25 49
25 52
26 1
26 2
26 4
26 6
26 7
26 8
26 11
26 12
26 16
26 17
26 19
26 20
26 21
26 23
26 26
26 32
26 33
26 36
26 37
26 38
26 39
26 43
26 46
26 49
26 50
26 51
26 53
26 55
27 0
27 1
27 2
27 3
27 4
27 5
27 6
27 8
27 9
27 12
27 14
27 15
27 17
27 21
27 25
27 26
27 29
27 30
27 31
27 37
27 39
27 40
27 41
27 42
27 44
27 45
27 46
27 47
27 49
27 50
28 0
28 1
28 6
28 7
28 10
28 12
28 13
28 14
28 17
28 19
28 21
28 26
28 29
28 31
28 32
28 33
28 34
28 35
28 36
28 37
28 39
28 40
28 41
28 44
28 45
28 46
28 47
28 49
28 50
28 52
28 53
28 54
28 55
29 0
29 3
29 4
29 6
29 8
29 12
29 18
29 19
29 20
29 24
29 25
29 28
29 29
29 32
29 35
29 37
29 38
29 40
29 41
29 43
29 46
29 50
29 53
30 0
30 7
30 11
30 12
30 14
30 15
30 16
30 17
30 19
30 21
30 22
30 31
30 32
30 33
30 34
30 35
30 36
30 37
30 41
30 42
30 43
30 44
30 48
30 51
30 53
31 4
31 5
31 6
31 10
31 11
31 12
31 13
31 14
31 15
31 18
31 19
31 21
31 26
31 28
31 29
31 31
31 34
31 35
31 36
31 38
31 39
31 42
31 44
31 46
31 48
31 50
31 51
31 53
31 54
32 0
32 1
32 3
32 10
32 14
32 15
32 18
32 20
32 24
32 25
32 26
32 27
32 28
32 29
32 30
32 33
32 34
32 36
32 38
32 39
32 42
32 44
32 45
32 46
32 47
32 48
32 50
32 52
32 53
33 0
33 2
33 4
33 7
33 8
33 10
33 14
33 16
33 17
33 22
33 23
33 25
33 27
33 30
33 31
33 34
33 35
33 39
33 42
33 45
33 47
33 50
33 53
33 54
33 55
34 1
34 9
34 11
34 12
34 15
34 18
34 19
34 20
34 21
34 23
34 26
34 28
34 30
34 31
34 34
34 37
34 40
34 42
34 44
34 47
34 49
34 51
34 52
34 53
34 55
35 0
35 1
35 2
35 4
35 5
35 6
35 7
35 8
35 10
35 11
35 14
35 15
35 17
35 18
35 19
35 20
35 21
35 22
35 23
35 24
35 25
35 30
35 31
35 32
35 34
35 36
35 40
35 41
35 42
35 43
35 44
35 45
35 49
35 50
35 51
35 52
36 5
36 7
36 8
36 9
36 10
36 11
36 13
36 14
36 15
36 16
36 17
36 24
36 26
36 29
36 32
36 34
36 35
36 36
36 37
36 39
36 41
36 44
36 45
36 46
36 49
36 52
36 53
36 55
37 0
37 1
37 2
37 3
37 7
37 9
37 14
37 17
37 18
37 19
37 22
37 23
37 25
37 26
37 27
37 31
37 32
37 34
37 37
37 38
37 45
37 49
37 50
37 51
38 1
38 2
38 4
38 7
38 9
38 10
38 17
38 19
38 22
38 23
38 25
38 28
38 31
38 32
38 33
38 35
38 36
38 39
38 40
38 41
38 42
38 43
38 44
38 46
38 48
38 49
38 50
38 51
38 52
38 55
39 0
39 2
39 3
39 5
39 8
39 10
39 13
39 15
39 17
39 19
39 20
39 21
39 22
39 28
39 30
39 32
39 33
39 34
39 35
39 38
39 39
39 43
39 44
39 47
39 48
39 49
39 50
39 51
39 54
39 55
40 0
40 1
40 2
40 7
40 8
40 14
40 17
40 18
40 20
40 22
40 23
40 24
40 27
40 28
40 29
40 32
40 33
40 35
40 39
40 42
40 45
40 46
40 47
40 50
40 54
40 55
41 0
41 1
41 2
41 5
41 7
41 8
41 11
41 15
41 16
41 18
41 19
41 20
41 23
41 24
41 25
41 26
41 27
41 30
41 31
41 32
41 34
41 36
41 37
41 38
41 40
41 42
41 43
41 47
41 50
41 51
41 53
41 55
42 0
42 2
42 3
42 9
42 11
42 13
42 15
42 16
42 17
42 20
42 21
42 22
42 23
42 24
42 27
42 29
42 30
42 31
42 32
42 35
42 38
42 40
42 41
42 42
42 43
42 44
42 45
42 48
42 52
43 4
43 5
43 6
43 8
43 9
43 11
43 12
43 13
43 14
43 16
43 18
43 21
43 23
43 25
43 26
43 27
43 28
43 29
43 31
43 35
43 36
43 37
43 40
43 42
43 44
43 46
43 53
43 54
44 1
44 2
44 3
44 5
44 8
44 15
44 17
44 18
44 19
44 20
44 24
44 27
44 28
44 30
44 31
44 32
44 35
44 37
44 39
44 40
44 43
44 50
44 51
44 53
44 54
44 55
45 3
45 5
45 6
45 7
45 9
45 14
45 17
45 18
45 26
45 28
45 29
45 31
45 32
45 34
45 35
45 40
45 44
45 45
45 47
45 48
45 49
45 51
45 52
45 54
45 55
46 4
46 6
46 10
46 13
46 19
46 23
46 24
46 27
46 28
46 29
46 31
46 32
46 34
46 35
46 37
46 38
46 39
46 40
46 41
46 42
46 50
46 54
46 55
47 1
47 3
47 5
47 6
47 8
47 10
47 12
47 14
47 15
47 16
47 18
47 21
47 23
47 24
47 26
47 27
47 29
47 33
47 35
47 37
47 38
47 39
47 40
47 42
47 43
47 48
47 49
47 51
47 55
48 4
48 6
48 7
48 8
48 9
48 11
48 13
48 14
48 15
48 16
48 20
48 24
48 26
48 27
48 31
48 34
48 35
48 36
48 40
48 41
48 43
48 45
48 46
48 48
48 49
48 55
49 2
49 5
49 6
49 9
49 10
49 11
49 12
49 13
49 14
49 15
49 17
49 19
49 21
49 22
49 24
49 25
49 27
49 28
49 29
49 31
49 32
49 33
49 34
49 35
49 36
49 37
49 38
49 39
49 43
49 44
49 45
49 48
49 49
49 50
49 51
49 54
49 55
50 0
50 4
50 5
50 6
50 10
50 11
50 12
50 15
50 18
50 19
50 21
50 22
50 23
50 27
50 31
50 33
50 34
50 35
50 38
50 40
50 48
50 49
50 50
50 51
50 53
50 55
51 0
51 6
51 8
51 9
51 10
51 11
51 12
51 18
51 21
51 23
51 28
51 30
51 32
51 33
51 35
51 39
51 40
51 41
51 42
51 45
51 46
51 48
51 50
51 51
51 52
51 53
51 54
51 55
52 0
52 1
52 2
52 5
52 6
52 7
52 9
52 12
52 17
52 18
52 23
52 25
52 27
52 28
52 29
52 32
52 33
52 34
52 35
52 39
52 40
52 42
52 43
52 44
52 45
52 46
52 47
52 50
52 53
52 54
53 0
53 2
53 4
53 5
53 8
53 9
53 10
53 11
53 12
53 13
53 15
53 19
53 20
53 21
53 25
53 30
53 31
53 34
53 35
53 39
53 40
53 41
53 43
53 44
53 45
53 47
53 48
53 52
53 55
54 0
54 1
54 3
54 4
54 5
54 6
54 7
54 8
54 11
54 17
54 18
54 19
54 21
54 23
54 24
54 26
54 31
54 32
54 36
54 37
54 38
54 41
54 48
54 49
54 50
54 51
54 53
54 55
55 0
55 3
55 7
55 10
55 11
55 14
55 16
55 17
55 19
55 21
55 22
55 23
55 26
55 27
55 28
55 29
55 32
55 34
55 35
55 37
55 41
55 42
55 44
55 45
55 47
55 52
56 1
56 2
56 5
56 10
56 12
56 14
56 15
56 16
56 18
56 19
56 20
56 21
56 27
56 30
56 31
56 32
56 34
56 37
56 40
56 41
56 43
56 44
56 45
56 47
56 51
56 52
56 54
56 55
57 2
57 3
57 8
57 9
57 11
57 14
57 16
57 17
57 18
57 19
57 20
57 21
57 23
57 24
57 27
57 33
57 34
57 37
57 39
57 43
57 45
57 46
57 50
57 51
57 52
57 53
57 55
58 0
58 1
58 3
58 4
58 6
58 7
58 9
58 10
58 14
58 15
58 17
58 19
58 21
58 22
58 24
58 28
58 30
58 32
58 33
58 34
58 38
58 40
58 41
58 44
58 45
58 46
58 47
58 49
58 53
58 55
59 0
59 2
59 4
59 5
59 9
59 10
59 15
59 16
59 18
59 20
59 23
59 24
59 26
59 27
59 31
59 35
59 36
59 39
59 41
59 44
59 46
59 47
59 48
59 49
59 50
59 52
59 53
59 55
60 1
60 4
60 5
60 6
60 8
60 9
60 10
60 13
60 14
60 17
60 21
60 22
60 23
60 26
60 29
60 30
60 32
60 33
60 37
60 39
60 40
60 42
60 43
60 44
60 45
60 46
60 49
60 53
60 54
60 55
61 0
61 1
61 2
61 3
61 6
61 7
61 8
61 9
61 12
61 14
61 17
61 18
61 24
61 26
61 27
61 28
61 32
61 33
61 36
61 37
61 38
61 39
61 40
61 41
61 42
61 48
61 49
61 51
61 52
62 1
62 2
62 3
62 4
62 7
62 8
62 10
62 11
62 12
62 17
62 20
62 23
62 24
62 25
62 28
62 32
62 34
62 35
62 37
62 39
62 40
62 41
62 43
62 44
62 46
62 47
62 48
62 50
62 51
63 0
63 4
63 5
63 8
63 10
63 11
63 12
63 13
63 15
63 17
63 20
63 21
63 22
63 23
63 24
63 25
63 28
63 35
63 36
63 37
63 40
63 41
63 42
63 44
63 46
63 47
63 48
63 49
63 50
63 52
63 53
63 54
64 1
64 3
64 4
64 6
64 8
64 9
64 10
64 13
64 14
64 15
64 16
64 21
64 22
64 23
64 24
64 25
64 29
64 32
64 33
64 34
64 36
64 40
64 42
64 44
64 46
64 49
64 51
64 52
65 0
65 3
65 6
65 7
65 8
65 10
65 11
65 14
65 15
65 18
65 19
65 21
65 23
65 27
65 30
65 31
65 32
65 33
65 35
65 37
65 39
65 40
65 41
65 43
65 44
65 46
65 47
65 50
65 51
65 52
65 53
66 0
66 2
66 5
66 6
66 7
66 12
66 15
66 19
66 21
66 22
66 23
66 27
66 28
66 30
66 33
66 42
66 43
66 44
66 45
66 47
66 48
66 49
66 53
66 54
67 0
67 1
67 4
67 5
67 6
67 7
67 9
67 10
67 12
67 13
67 14
67 15
67 18
67 19
67 20
67 21
67 27
67 29
67 30
67 31
67 33
67 35
67 36
67 37
67 39
67 44
67 45
67 46
67 47
67 48
68 0
68 1
68 2
68 3
68 5
68 7
68 11
68 12
68 13
68 14
68 16
68 17
68 21
68 23
68 26
68 28
68 29
68 34
68 35
68 36
68 37
68 39
68 42
68 43
68 44
68 46
68 48
68 49
68 50
68 51
68 52
68 53
68 55
69 0
69 1
69 2
69 5
69 7
69 8
69 9
69 12
69 15
69 17
69 20
69 24
69 25
69 26
69 29
69 30
69 37
69 38
69 39
69 41
69 43
69 44
69 48
69 49
69 52
70 1
70 2
70 8
70 9
70 11
70 16
70 19
70 22
70 23
70 24
70 25
70 26
70 28
70 29
70 30
70 31
70 39
70 40
70 41
70 43
70 44
70 45
70 48
70 50
70 54
71 0
71 1
71 3
71 5
71 7
71 8
71 10
71 12
71 14
71 16
71 20
71 32
71 33
71 34
71 35
71 37
71 43
71 45
71 46
71 47
71 48
71 49
71 50
71 52
71 53
71 54
71 55
72 0
72 1
72 4
72 8
72 9
72 18
72 20
72 21
72 22
72 23
72 26
72 30
72 31
72 33
72 34
72 35
72 37
72 39
72 42
72 43
72 45
72 46
72 47
72 48
72 49
72 50
72 51
72 53
73 0
73 1
73 3
73 6
73 8
73 10
73 11
73 13
73 14
73 16
73 18
73 21
73 22
73 23
73 28
73 31
73 33
73 36
73 37
73 41
73 44
73 45
73 48
73 51
73 52
73 53
73 54
73 55
74 1
74 2
74 3
74 5
74 9
74 11
74 16
74 20
74 21
74 22
74 24
74 25
74 28
74 29
74 30
74 31
74 36
74 37
74 42
74 45
74 46
74 48
74 49
74 53
74 54
74 55
75 0
75 1
75 2
75 6
75 9
75 10
75 13
75 17
75 18
75 20
75 24
75 25
75 26
75 30
75 31
75 32
75 33
75 34
75 35
75 36
75 38
75 46
75 48
75 53
75 54
75 55
76 2
76 5
76 7
76 9
76 11
76 13
76 14
76 17
76 20
76 21
76 23
76 24
76 26
76 27
76 28
76 30
76 31
76 36
76 38
76 39
76 40
76 41
76 42
76 43
76 44
76 46
76 47
76 50
76 51
76 52
76 53
76 55
77 0
77 3
77 5
77 7
77 10
77 11
77 13
77 14
77 18
77 19
77 21
77 24
77 25
77 30
77 34
77 35
77 36
77 37
77 39
77 41
77 42
77 47
77 52
77 53
77 54
78 1
78 3
78 4
78 6
78 10
78 11
78 12
78 13
78 14
78 15
78 19
78 27
78 28
78 29
78 30
78 34
78 41
78 42
78 43
78 46
78 49
78 50
78 52
78 53
79 1
79 2
79 3
79 5
79 6
79 7
79 8
79 10
79 11
79 13
79 14
79 20
79 21
79 23
79 27
79 28
79 30
79 31
79 32
79 33
79 34
79 38
79 39
79 40
79 43
79 44
79 45
79 47
79 48
79 50
79 52
79 53
79 55
80 0
80 3
80 8
80 9
80 11
80 13
80 15
80 16
80 20
80 22
80 26
80 27
80 28
80 29
80 31
80 32
80 33
80 35
80 36
80 38
80 41
80 42
80 45
80 46
80 47
80 48
80 49
80 50
81 1
81 6
81 7
81 8
81 9
81 10
81 12
81 15
81 17
81 18
81 23
81 25
81 26
81 32
81 36
81 37
81 38
81 42
81 44
81 45
81 46
81 47
81 48
81 49
81 50
81 51
81 52
81 53
81 54
81 55
82 0
82 2
82 3
82 6
82 11
82 12
82 13
82 17
82 19
82 21
82 23
82 25
82 26
82 28
82 30
82 33
82 34
82 35
82 36
82 38
82 39
82 41
82 42
82 45
82 50
82 52
82 53
83 0
83 1
83 4
83 5
83 7
83 9
83 11
83 12
83 13
83 14
83 19
83 20
83 22
83 23
83 25
83 26
83 27
83 29
83 30
83 31
83 33
83 34
83 35
83 36
83 37
83 38
83 39
83 41
83 42
83 44
83 47
83 51
84 0
84 1
84 2
84 3
84 4
84 5
84 6
84 7
84 10
84 11
84 14
84 16
84 26
84 29
84 31
84 34
84 35
84 36
84 38
84 39
84 42
84 46
84 47
84 49
85 1
85 2
85 3
85 5
85 8
85 9
85 12
85 13
85 16
85 17
85 19
85 20
85 21
85 23
85 24
85 26
85 27
85 29
85 30
85 31
85 39
85 43
85 44
85 46
85 48
85 50
85 52
85 54
86 2
86 3
86 4
86 5
86 7
86 8
86 10
86 11
86 13
86 14
86 17
86 19
86 20
86 21
86 24
86 25
86 27
86 28
86 29
86 30
86 32
86 33
86 34
86 37
86 38
86 39
86 40
86 42
86 43
86 44
86 47
86 48
86 50
86 52
86 53
86 55
87 4
87 5
87 9
87 13
87 15
87 16
87 17
87 20
87 25
87 30
87 33
87 35
87 38
87 39
87 40
87 41
87 42
87 43
87 45
87 47
87 49
87 50
87 51
87 52
87 53
87 54
88 1
88 4
88 5
88 6
88 7
88 9
88 13
88 14
88 15
88 17
88 18
88 21
88 22
88 23
88 25
88 31
88 32
88 34
88 35
88 36
88 39
88 41
88 42
88 45
88 46
88 47
88 50
88 53
88 54
89 6
89 7
89 9
89 11
89 12
89 13
89 15
89 18
89 20
89 21
89 22
89 23
89 24
89 25
89 26
89 27
89 29
89 32
89 35
89 36
89 39
89 40
89 41
89 42
89 45
89 48
89 49
89 54
90 0
90 1
90 2
90 3
90 5
90 6
90 7
90 9
90 11
90 12
90 16
90 17
90 18
90 19
90 20
90 21
90 22
90 26
90 27
90 30
90 31
90 32
90 35
90 37
90 42
90 44
90 45
90 48
90 49
90 53
90 55
91 0
91 1
91 3
91 5
91 7
91 8
91 10
91 11
91 12
91 13
91 14
91 19
91 22
91 23
91 25
91 26
91 28
91 29
91 30
91 32
91 33
91 35
91 40
91 41
91 42
91 44
91 45
91 47
91 48
91 51
91 52
91 53
91 55
92 0
92 1
92 2
92 4
92 5
92 10
92 11
92 12
92 13
92 14
92 16
92 20
92 21
92 22
92 23
92 24
92 25
92 29
92 30
92 31
92 33
92 34
92 35
92 38
92 42
92 43
92 46
92 47
92 48
92 50
92 52
92 54
93 0
93 2
93 3
93 4
93 6
93 7
93 8
93 10
93 11
93 15
93 16
93 17
93 19
93 23
93 25
93 26
93 27
93 28
93 29
93 30
93 32
93 34
93 36
93 38
93 40
93 43
93 44
93 48
93 49
93 50
93 51
93 52
93 53
93 55
94 3
94 4
94 5
94 6
94 11
94 12
94 13
94 14
94 17
94 18
94 19
94 20
94 22
94 23
94 24
94 28
94 29
94 30
94 31
94 32
94 33
94 37
94 40
94 42
94 44
94 45
94 47
94 53
94 54
94 55
95 0
95 1
95 2
95 6
95 7
95 8
95 9
95 10
95 11
95 13
95 16
95 17
95 19
95 21
95 23
95 24
95 25
95 26
95 27
95 32
95 33
95 36
95 38
95 40
95 41
95 42
95 45
95 48
95 50
95 51
95 52
95 53
96 1
96 2
96 3
96 4
96 5
96 6
96 7
96 9
96 10
96 11
96 12
96 14
96 15
96 16
96 17
96 18
96 21
96 23
96 24
96 25
96 26
96 27
96 29
96 30
96 31
96 32
96 33
96 37
96 38
96 39
96 44
96 46
96 48
96 51
96 52
96 54
97 0
97 2
97 4
97 5
97 6
97 9
97 10
97 14
97 16
97 21
97 23
97 24
97 25
97 28
97 29
97 30
97 31
97 32
97 34
97 35
97 36
97 38
97 39
97 40
97 43
97 44
97 45
97 46
97 48
97 51
97 52
97 55
98 0
98 1
98 2
98 3
98 8
98 9
98 10
98 12
98 16
98 18
98 20
98 23
98 29
98 30
98 34
98 36
98 37
98 41
98 43
98 46
98 47
98 50
98 53
98 54
98 55
99 0
99 1
99 2
99 3
99 6
99 10
99 11
99 12
99 13
99 14
99 15
99 16
99 19
99 21
99 23
99 24
99 25
99 26
99 30
99 31
99 32
99 41
99 44
99 45
99 46
99 48
99 50
99 52
99 53
99 54
99 55
100 2
100 6
100 7
100 9
100 10
100 12
100 16
100 21
100 23
100 24
100 25
100 26
100 27
100 33
100 36
100 37
100 39
100 40
100 41
100 42
100 44
100 45
100 47
100 50
100 54
100 55
101 0
101 1
101 4
101 8
101 9
101 14
101 15
101 19
101 24
101 27
101 29
101 31
101 33
101 34
101 36
101 39
101 40
101 42
101 43
101 44
101 45
101 46
101 47
101 48
101 49
101 51
101 52
101 53
101 54
102 0
102 1
102 2
102 3
102 4
102 7
102 8
102 10
102 13
102 14
102 15
102 17
102 19
102 21
102 23
102 26
102 28
102 34
102 35
102 39
102 42
102 44
102 45
102 46
102 47
102 49
102 52
102 54
102 55
103 0
103 2
103 4
103 6
103 7
103 14
103 20
103 21
103 22
103 23
103 24
103 26
103 29
103 30
103 31
103 32
103 33
103 36
103 37
103 38
103 39
103 40
103 41
103 42
103 49
103 54
103 55
104 1
104 2
104 5
104 7
104 11
104 12
104 13
104 16
104 17
104 19
104 20
104 21
104 22
104 23
104 26
104 29
104 33
104 38
104 41
104 42
104 43
104 44
104 45
104 50
104 51
104 52
104 54
104 55
105 4
105 7
105 8
105 9
105 10
105 12
105 13
105 18
105 19
105 20
105 21
105 22
105 26
105 27
105 28
105 30
105 31
105 32
105 33
105 36
105 40
105 41
105 43
105 45
105 46
105 47
105 48
106 2
106 3
106 6
106 7
106 8
106 9
106 12
106 14
106 15
106 16
106 17
106 21
106 22
106 23
106 24
106 25
106 27
106 28
106 30
106 33
106 34
106 35
106 36
106 39
106 40
106 42
106 43
106 52
106 53
107 5
107 7
107 9
107 14
107 15
107 16
107 19
107 20
107 22
107 23
107 25
107 26
107 27
107 29
107 31
107 32
107 34
107 36
107 37
107 38
107 41
107 44
107 45
107 48
107 52
107 53
107 54
107 55
108 0
108 1
108 2
108 3
108 5
108 8
108 9
108 13
108 15
108 18
108 19
108 20
108 21
108 23
108 26
108 27
108 28
108 29
108 33
108 39
108 44
108 46
108 47
108 48
108 49
108 50
108 53
108 54
109 0
109 1
109 2
109 6
109 8
109 9
109 12
109 13
109 14
109 15
109 16
109 17
109 19
109 21
109 23
109 25
109 26
109 27
109 29
109 30
109 31
109 33
109 36
109 37
109 43
109 44
109 46
109 47
109 48
109 49
109 51
109 55
110 4
110 5
110 7
110 10
110 11
110 12
110 13
110 15
110 16
110 19
110 21
110 26
110 27
110 34
110 35
110 36
110 37
110 40
110 41
110 42
110 45
110 46
110 47
110 49
110 52
110 55
111 3
111 6
111 10
111 12
111 13
111 17
111 20
111 21
111 22
111 23
111 24
111 26
111 30
111 31
111 37
111 39
111 41
111 42
111 43
111 45
111 51
111 53
111 55
112 0
112 2
112 6
112 9
112 11
112 16
112 17
112 19
112 22
112 25
112 30
112 36
112 37
112 39
112 46
112 47
112 48
112 49
112 51
112 52
112 53
112 55
113 3
113 5
113 6
113 7
113 9
113 10
113 11
113 17
113 19
113 20
113 21
113 23
113 25
113 27
113 30
113 31
113 33
113 35
113 37
113 41
113 42
113 44
113 48
113 50
113 53
113 54
114 3
114 5
114 7
114 12
114 14
114 15
114 16
114 18
114 19
114 21
114 22
114 23
114 24
114 27
114 28
114 29
114 32
114 34
114 36
114 37
114 38
114 39
114 40
114 41
114 42
114 44
114 46
114 48
114 50
114 51
114 52
114 54
115 1
115 9
115 11
115 13
115 15
115 17
115 18
115 19
115 22
115 23
115 25
115 27
115 28
115 29
115 30
115 33
115 35
115 36
115 38
115 39
115 40
115 41
115 43
115 49
115 50
115 52
115 54
115 55
116 0
116 1
116 3
116 4
116 5
116 6
116 7
116 8
116 9
116 12
116 13
116 18
116 20
116 21
116 23
116 25
116 26
116 27
116 31
116 32
116 36
116 37
116 42
116 43
116 45
116 46
116 48
116 50
116 52
116 53
116 54
116 55
117 0
117 3
117 9
117 15
117 16
117 17
117 19
117 22
117 30
117 31
117 35
117 38
117 39
117 40
117 41
117 42
117 45
117 46
117 47
117 48
117 49
117 51
117 52
117 53
117 54
118 5
118 6
118 8
118 9
118 10
118 12
118 14
118 15
118 18
118 20
118 22
118 24
118 25
118 27
118 29
118 30
118 32
118 33
118 35
118 37
118 41
118 45
118 46
118 48
118 53
118 54
118 55
119 1
119 5
119 6
119 9
119 10
119 11
119 12
119 13
119 14
119 15
119 16
119 17
119 18
119 19
119 22
119 23
119 25
119 26
119 32
119 37
119 40
119 41
119 42
119 44
119 46
119 48
119 49
119 50
119 51
119 52
120 0
120 3
120 6
120 8
120 9
120 11
120 12
120 14
120 16
120 17
120 20
120 21
120 23
120 25
120 28
120 29
120 32
120 34
120 35
120 36
120 38
120 41
120 42
120 43
120 44
120 46
120 47
120 48
120 49
120 50
120 51
120 55
121 0
121 2
121 3
121 4
121 5
121 6
121 8
121 9
121 12
121 13
121 15
121 16
121 17
121 21
121 22
121 23
121 25
121 27
121 28
121 32
121 33
121 34
121 37
121 38
121 39
121 41
121 43
121 46
121 47
121 49
121 52
121 53
121 54
121 55
122 3
122 7
122 8
122 9
122 11
122 13
122 14
122 17
122 20
122 21
122 23
122 26
122 27
122 28
122 29
122 30
122 32
122 33
122 34
122 35
122 37
122 38
122 39
122 40
122 41
122 42
122 43
122 48
122 52
122 55
123 1
123 2
123 7
123 8
123 9
123 10
123 11
123 12
123 14
123 16
123 18
123 19
123 21
123 22
123 23
123 24
123 25
123 26
123 29
123 32
123 33
123 35
123 36
123 38
123 43
123 45
123 46
123 47
123 48
123 51
123 53
123 55
124 1
124 4
124 6
124 8
124 9
124 10
124 18
124 20
124 22
124 25
124 26
124 29
124 31
124 32
124 34
124 39
124 41
124 42
124 45
124 49
124 50
124 51
124 52
124 55
125 1
125 4
125 6
125 9
125 12
125 14
125 15
125 16
125 18
125 19
125 20
125 21
125 23
125 25
125 26
125 27
125 28
125 29
125 30
125 31
125 33
125 35
125 36
125 37
125 38
125 39
125 41
125 42
125 44
125 46
125 47
125 49
125 51
125 54
125 55
126 0
126 3
126 4
126 5
126 7
126 10
126 11
126 17
126 19
126 20
126 23
126 24
126 25
126 26
126 27
126 28
126 31
126 33
126 35
126 39
126 40
126 41
126 43
126 45
126 46
126 50
126 54
126 55
127 0
127 5
127 6
127 9
127 10
127 14
127 15
127 16
127 19
127 20
127 21
127 22
127 23
127 24
127 25
127 26
127 27
127 28
127 29
127 32
127 33
127 40
127 43
127 47
127 50
127 51
127 55
128 0
128 2
128 4
128 5
128 9
128 12
128 13
128 16
128 17
128 19
128 20
128 23
128 24
128 25
128 27
128 31
128 33
128 35
128 36
128 39
128 40
128 44
128 46
128 48
128 49
128 50
128 52
128 54
129 0
129 1
129 2
129 3
129 6
129 8
129 9
129 12
129 15
129 18
129 24
129 27
129 30
129 31
129 32
129 33
129 34
129 35
129 36
129 40
129 42
129 45
129 46
129 48
129 49
129 51
129 52
129 53
129 54
129 55
130 0
130 3
130 5
130 7
130 9
130 10
130 11
130 12
130 13
130 16
130 17
130 18
130 19
130 22
130 23
130 24
130 27
130 28
130 34
130 36
130 37
130 38
130 40
130 42
130 44
130 45
130 46
130 50
130 53
130 54
131 0
131 2
131 5
131 8
131 9
131 13
131 15
131 19
131 20
131 21
131 24
131 25
131 27
131 30
131 31
131 34
131 36
131 37
131 42
131 43
131 44
131 45
131 47
131 48
131 50
131 51
131 52
131 53
131 54
132 1
132 3
132 4
132 5
132 7
132 10
132 11
132 12
132 13
132 16
132 17
132 18
132 19
132 21
132 25
132 26
132 27
132 31
132 32
132 35
132 36
132 39
132 42
132 44
132 45
132 47
132 49
133 1
133 4
133 6
133 7
133 9
133 11
133 14
133 20
133 22
133 23
133 24
133 25
133 26
133 28
133 31
133 32
133 35
133 37
133 40
133 43
133 45
133 46
133 47
133 48
133 50
133 54
134 0
134 8
134 10
134 11
134 12
134 13
134 16
134 18
134 19
134 20
134 21
134 24
134 25
134 27
134 28
134 29
134 30
134 32
134 33
134 34
134 37
134 39
134 40
134 41
134 46
134 47
134 51
134 52
134 53
134 54
135 1
135 5
135 8
135 9
135 11
135 15
135 16
135 19
135 20
135 21
135 23
135 24
135 26
135 27
135 28
135 30
135 33
135 36
135 42
135 45
135 47
135 48
135 52
136 0
136 1
136 2
136 4
136 5
136 7
136 11
136 12
136 14
136 15
136 16
136 18
136 19
136 20
136 21
136 22
136 23
136 24
136 25
136 26
136 29
136 30
136 31
136 34
136 36
136 38
136 41
136 42
136 43
136 45
136 47
136 48
136 51
136 52
136 53
136 55
137 0
137 1
137 2
137 3
137 4
137 7
137 8
137 9
137 10
137 12
137 13
137 18
137 20
137 22
137 26
137 27
137 28
137 29
137 32
137 34
137 37
137 38
137 39
137 40
137 41
137 50
137 51
138 1
138 2
138 4
138 12
138 13
138 18
138 21
138 22
138 23
138 24
138 27
138 30
138 31
138 33
138 34
138 35
138 36
138 37
138 38
138 39
138 40
138 41
138 42
138 43
138 45
138 46
138 47
138 48
138 50
138 54
138 55
139 1
139 2
139 3
139 8
139 9
139 10
139 14
139 16
139 17
139 18
139 19
139 24
139 27
139 29
139 31
139 33
139 39
139 40
139 41
139 43
139 44
139 45
139 46
139 51
139 52
139 54
140 1
140 2
140 3
140 5
140 8
140 10
140 11
140 13
140 15
140 16
140 22
140 25
140 26
140 27
140 28
140 30
140 32
140 34
140 35
140 37
140 39
140 40
140 41
140 43
140 47
140 48
140 51
140 53
140 54
140 55
141 1
141 3
141 4
141 6
141 7
141 12
141 14
141 16
141 17
141 18
141 21
141 22
141 23
141 25
141 29
141 30
141 37
141 38
141 41
141 42
141 43
141 47
141 49
141 50
141 52
141 53
141 54
141 55
142 1
142 2
142 3
142 5
142 6
142 7
142 8
142 9
142 10
142 11
142 12
142 14
142 15
142 16
142 19
142 20
142 22
142 23
142 26
142 27
142 28
142 32
142 33
142 34
142 35
142 39
142 41
142 43
142 44
142 47
142 51
142 52
142 53
142 55
143 1
143 3
143 4
143 6
143 8
143 12
143 14
143 15
143 19
143 25
143 27
143 35
143 37
143 43
143 45
143 48
143 51
144 0
144 8
144 11
144 14
144 17
144 18
144 20
144 21
144 22
144 24
144 25
144 27
144 28
144 30
144 31
144 33
144 34
144 37
144 38
144 39
144 41
144 44
144 47
144 48
144 49
144 50
144 54
144 55
145 0
145 1
145 3
145 4
145 5
145 7
145 8
145 9
145 10
145 11
145 16
145 22
145 24
145 25
145 27
145 28
145 29
145 31
145 35
145 39
145 40
145 43
145 51
145 52
145 54
146 0
146 1
146 4
146 6
146 7
146 8
146 9
146 10
146 11
146 12
146 13
146 16
146 26
146 27
146 31
146 35
146 37
146 39
146 40
146 41
146 44
146 46
146 49
146 52
146 54
146 55
147 0
147 2
147 3
147 4
147 5
147 6
147 7
147 8
147 9
147 11
147 14
147 15
147 17
147 19
147 21
147 22
147 26
147 27
147 31
147 33
147 34
147 35
147 39
147 40
147 42
147 43
147 44
147 46
147 47
147 48
147 49
147 51
147 53
148 0
148 1
148 2
148 4
148 5
148 6
148 7
148 8
148 10
148 11
148 13
148 14
148 15
148 18
148 19
148 23
148 24
148 26
148 27
148 28
148 29
148 30
148 31
148 34
148 35
148 36
148 40
148 41
148 43
148 44
148 45
148 46
148 47
148 48
148 51
148 55
149 1
149 3
149 5
149 8
149 9
149 10
149 14
149 15
149 16
149 17
149 21
149 22
149 23
149 24
149 25
149 27
149 28
149 31
149 34
149 36
149 37
149 38
149 40
149 42
149 43
149 48
149 51
149 55
150 0
150 2
150 3
150 5
150 9
150 10
150 11
150 12
150 17
150 18
150 19
150 20
150 21
150 22
150 24
150 25
150 26
150 27
150 28
150 29
150 30
150 31
150 32
150 35
150 36
150 39
150 41
150 42
150 43
150 44
150 45
150 46
150 47
150 51
150 52
150 53
150 54
151 0
151 4
151 5
151 6
151 8
151 9
151 10
151 13
151 17
151 18
151 19
151 22
151 25
151 26
151 27
151 28
151 30
151 33
151 35
151 38
151 39
151 40
151 43
151 46
151 48
151 51
151 53
151 54
152 2
152 3
152 5
152 6
152 10
152 11
152 15
152 18
152 22
152 23
152 24
152 25
152 27
152 29
152 32
152 33
152 35
152 37
152 38
152 39
152 40
152 43
152 46
152 47
152 48
152 50
152 51
152 54
152 55
153 0
153 1
153 2
153 3
153 4
153 5
153 11
153 12
153 13
153 15
153 21
153 22
153 23
153 24
153 25
153 26
153 28
153 30
153 31
153 32
153 36
153 38
153 41
153 42
153 45
153 46
153 48
153 49
153 50
153 51
153 52
153 54
154 0
154 3
154 7
154 12
154 13
154 15
154 17
154 18
154 22
154 23
154 27
154 29
154 30
154 32
154 34
154 35
154 37
154 38
154 40
154 41
154 48
154 49
154 51
154 53
155 0
155 1
155 2
155 9
155 10
155 14
155 15
155 16
155 17
155 19
155 22
155 23
155 24
155 26
155 27
155 28
155 29
155 30
155 31
155 34
155 35
155 36
155 37
155 38
155 39
155 44
155 45
155 46
155 49
155 52
155 53
155 55
156 0
156 1
156 3
156 7
156 9
156 11
156 13
156 14
156 16
156 17
156 21
156 22
156 24
156 25
156 26
156 29
156 30
156 34
156 37
156 38
156 41
156 45
156 52
156 53
157 1
157 2
157 3
157 6
157 10
157 12
157 14
157 15
157 17
157 18
157 21
157 24
157 25
157 30
157 31
157 37
157 38
157 39
157 40
157 42
157 46
157 48
157 50
157 51
157 52
157 53
157 54
158 1
158 3
158 5
158 8
158 12
158 13
158 14
158 16
158 20
158 21
158 24
158 25
158 28
158 29
158 31
158 32
158 35
158 38
158 39
158 41
158 42
158 43
158 44
158 46
158 48
158 49
158 53
158 55
159 2
159 3
159 5
159 6
159 7
159 9
159 13
159 14
159 17
159 19
159 20
159 21
159 24
159 27
159 28
159 29
159 30
159 32
159 34
159 35
159 44
159 45
159 50
159 53
159 55
160 1
160 3
160 5
160 6
160 7
160 9
160 10
160 12
160 13
160 15
160 18
160 19
160 20
160 22
160 25
160 30
160 32
160 35
160 36
160 37
160 38
160 39
160 42
160 44
160 45
160 46
160 47
160 48
160 49
160 50
160 51
160 52
160 54
160 55
161 0
161 1
161 4
161 5
161 7
161 8
161 11
161 13
161 16
161 19
161 20
161 23
161 24
161 25
161 29
161 30
161 31
161 33
161 34
161 35
161 36
161 41
161 42
161 46
161 49
161 50
161 51
161 52
161 53
162 0
162 3
162 4
162 7
162 8
162 10
162 13
162 14
162 18
162 19
162 22
162 24
162 27
162 28
162 30
162 32
162 34
162 39
162 41
162 45
162 47
162 48
162 49
162 52
162 53
162 55
163 0
163 4
163 5
163 6
163 8
163 11
163 14
163 16
163 17
163 21
163 22
163 23
163 25
163 26
163 30
163 31
163 33
163 34
163 35
163 38
163 40
163 42
163 43
163 48
163 51
163 52
163 53
163 54
164 5
164 6
164 7
164 12
164 18
164 21
164 26
164 27
164 28
164 30
164 31
164 32
164 33
164 34
164 35
164 40
164 41
164 42
164 44
164 45
164 47
164 48
164 49
164 50
164 52
164 55
165 1
165 6
165 7
165 8
165 9
165 12
165 13
165 17
165 19
165 20
165 25
165 27
165 28
165 37
165 38
165 41
165 49
165 50
165 51
165 52
165 53
165 54
165 55
166 0
166 8
166 11
166 13
166 14
166 16
166 17
166 19
166 21
166 25
166 26
166 27
166 28
166 30
166 33
166 35
166 37
166 38
166 39
166 40
166 43
166 44
166 48
166 51
166 52
166 54
166 55
167 0
167 2
167 4
167 7
167 8
167 9
167 11
167 15
167 17
167 18
167 19
167 20
167 21
167 24
167 27
167 29
167 31
167 33
167 35
167 36
167 39
167 40
167 41
167 43
167 44
167 45
167 46
167 47
167 51
167 52
167 54
168 1
168 2
168 4
168 7
168 8
168 11
168 16
168 18
168 20
168 22
168 23
168 27
168 31
168 32
168 33
168 34
168 36
168 37
168 38
168 39
168 40
168 41
168 47
168 49
168 53
168 54
169 0
169 6
169 7
169 8
169 11
169 13
169 15
169 16
169 18
169 19
169 21
169 24
169 27
169 30
169 31
169 33
169 34
169 36
169 38
169 39
169 40
169 41
169 43
169 44
169 50
169 52
169 53
170 1
170 2
170 4
170 5
170 6
170 7
170 9
170 10
170 12
170 14
170 17
170 18
170 19
170 20
170 22
170 23
170 26
170 27
170 28
170 29
170 31
170 33
170 34
170 35
170 37
170 39
170 41
170 42
170 43
170 48
170 49
170 50
170 52
170 54
170 55
171 2
171 3
171 4
171 5
171 6
171 10
171 11
171 12
171 15
171 16
171 17
171 18
171 19
171 20
171 21
171 22
171 29
171 30
171 32
171 36
171 37
171 40
171 42
171 43
171 45
171 47
171 49
171 50
171 51
171 54
171 55
172 0
172 1
172 2
172 3
172 7
172 8
172 10
172 12
172 17
172 18
172 22
172 24
172 26
172 28
172 30
172 32
172 34
172 35
172 37
172 39
172 40
172 46
172 53
172 54
173 3
173 4
173 5
173 6
173 8
173 11
173 14
173 15
173 17
173 20
173 21
173 23
173 24
173 29
173 32
173 34
173 36
173 38
173 41
173 42
173 44
173 48
173 51
173 52
173 53
174 0
174 3
174 4
174 6
174 7
174 10
174 11
174 14
174 15
174 16
174 17
174 18
174 19
174 20
174 21
174 22
174 23
174 24
174 25
174 30
174 32
174 33
174 34
174 37
174 38
174 40
174 41
174 44
174 45
174 46
174 47
174 53
174 54
174 55
175 1
175 3
175 4
175 5
175 6
175 10
175 12
175 14
175 15
175 16
175 17
175 18
175 19
175 23
175 26
175 28
175 31
175 32
175 36
175 37
175 38
175 39
175 43
175 45
175 49
175 50
175 52
175 53
175 54
176 0
176 6
176 7
176 11
176 12
176 13
176 14
176 15
176 16
176 17
176 18
176 19
176 21
176 22
176 24
176 28
176 33
176 35
176 36
176 42
176 43
176 44
176 46
176 48
176 51
176 52
176 53
176 54
177 2
177 3
177 5
177 10
177 17
177 21
177 23
177 24
177 26
177 30
177 34
177 36
177 37
177 38
177 46
177 47
177 48
177 49
177 50
177 51
177 53
177 54
177 55
178 2
178 7
178 9
178 10
178 12
178 15
178 16
178 18
178 19
178 23
178 24
178 25
178 26
178 27
178 28
178 31
178 34
178 37
178 38
178 39
178 41
178 42
178 43
178 44
178 45
178 48
178 51
179 1
179 2
179 3
179 4
179 7
179 9
179 13
179 14
179 20
179 26
179 27
179 28
179 30
179 31
179 32
179 35
179 40
179 42
179 43
179 46
179 48
179 49
179 53
179 54
180 0
180 2
180 6
180 8
180 9
180 10
180 11
180 12
180 13
180 17
180 18
180 20
180 21
180 25
180 26
180 30
180 31
180 35
180 36
180 37
180 38
180 40
180 42
180 44
180 45
180 46
180 47
180 50
180 52
181 0
181 1
181 3
181 4
181 5
181 10
181 11
181 14
181 15
181 18
181 19
181 22
181 24
181 29
181 31
181 33
181 37
181 40
181 41
181 42
181 43
181 44
181 47
181 48
181 51
181 53
181 54
181 55
182 4
182 7
182 8
182 10
182 12
182 13
182 15
182 19
182 21
182 23
182 24
182 25
182 27
182 30
182 33
182 34
182 35
182 36
182 37
182 39
182 40
182 42
182 43
182 44
182 45
182 48
182 50
182 52
182 54
183 0
183 3
183 5
183 9
183 10
183 11
183 13
183 15
183 16
183 17
183 19
183 20
183 22
183 24
183 30
183 31
183 33
183 34
183 37
183 41
183 42
183 46
183 48
183 50
183 54
183 55
184 1
184 3
184 4
184 5
184 7
184 9
184 10
184 13
184 17
184 19
184 20
184 22
184 23
184 26
184 34
184 35
184 36
184 38
184 39
184 40
184 42
184 45
184 49
184 50
184 52
184 54
184 55
185 2
185 4
185 5
185 6
185 7
185 8
185 13
185 14
185 20
185 24
185 29
185 30
185 31
185 32
185 33
185 34
185 38
185 40
185 43
185 44
185 46
185 47
185 49
185 50
185 55
186 4
186 5
186 6
186 9
186 10
186 11
186 12
186 14
186 17
186 20
186 21
186 22
186 24
186 25
186 27
186 28
186 31
186 34
186 35
186 37
186 38
186 42
186 43
186 44
186 47
186 50
186 51
186 52
186 53
186 54
187 1
187 2
187 3
187 4
187 7
187 9
187 14
187 19
187 20
187 22
187 23
187 27
187 28
187 31
187 32
187 33
187 35
187 36
187 41
187 44
187 45
187 46
187 47
187 49
187 50
187 51
187 52
187 55
188 6
188 10
188 11
188 13
188 14
188 18
188 19
188 20
188 22
188 23
188 24
188 30
188 32
188 33
188 35
188 38
188 42
188 45
188 46
188 48
188 53
188 55
189 0
189 2
189 3
189 4
189 6
189 8
189 10
189 11
189 13
189 14
189 16
189 17
189 19
189 21
189 23
189 24
189 26
189 27
189 28
189 29
189 33
189 34
189 35
189 36
189 38
189 39
189 44
189 47
189 48
189 49
189 51
190 1
190 2
190 3
190 4
190 6
190 7
190 8
190 11
190 12
190 13
190 15
190 16
190 19
190 23
190 24
190 28
190 31
190 33
190 34
190 35
190 36
190 39
190 40
190 44
190 46
190 49
190 50
190 51
190 53
190 55
191 1
191 2
191 3
191 4
191 5
191 7
191 8
191 9
191 14
191 15
191 17
191 18
191 19
191 20
191 25
191 26
191 28
191 29
191 30
191 31
191 33
191 38
191 39
191 45
191 46
191 47
191 48
192 1
192 3
192 4
192 7
192 8
192 10
192 11
192 13
192 14
192 16
192 17
192 19
192 21
192 23
192 24
192 25
192 28
192 31
192 33
192 35
192 36
192 42
192 43
192 44
192 46
192 48
192 50
192 52
192 54
192 55
193 0
193 1
193 2
193 5
193 10
193 11
193 12
193 13
193 14
193 15
193 16
193 17
193 20
193 23
193 26
193 27
193 31
193 33
193 34
193 36
193 37
193 39
193 41
193 42
193 43
193 48
193 49
193 51
193 52
193 53
193 55
194 0
194 1
194 3
194 4
194 5
194 7
194 9
194 10
194 11
194 12
194 13
194 14
194 15
194 19
194 22
194 24
194 25
194 26
194 29
194 30
194 31
194 35
194 36
194 38
194 39
194 42
194 43
194 50
195 1
195 11
195 12
195 13
195 15
195 16
195 17
195 19
195 20
195 23
195 25
195 33
195 36
195 38
195 39
195 40
195 41
195 46
195 47
195 49
195 50
195 51
195 52
195 53
195 54
195 55
196 1
196 2
196 4
196 7
196 8
196 9
196 12
196 13
196 14
196 17
196 20
196 21
196 22
196 23
196 26
196 27
196 28
196 32
196 37
196 39
196 42
196 43
196 44
196 47
196 48
196 50
197 0
197 1
197 4
197 9
197 14
197 18
197 19
197 21
197 23
197 25
197 31
197 32
197 34
197 36
197 39
197 40
197 43
197 44
197 45
197 46
197 47
197 50
197 53
198 0
198 3
198 7
198 8
198 9
198 10
198 12
198 13
198 14
198 16
198 17
198 18
198 20
198 23
198 24
198 25
198 26
198 27
198 29
198 30
198 31
198 32
198 33
198 35
198 36
198 41
198 43
198 48
198 49
198 54
198 55
